<?xml version="1.0" encoding="UTF-8"?>
<testng-results skipped="0" failed="0" total="2" passed="2">
  <reporter-output>
  </reporter-output>
  <suite name="Default suite" duration-ms="23871" started-at="2022-06-29T00:54:09Z" finished-at="2022-06-29T00:54:33Z">
    <groups>
    </groups>
    <test name="Default test" duration-ms="23871" started-at="2022-06-29T00:54:09Z" finished-at="2022-06-29T00:54:33Z">
      <class name="testNGFramework.SwagLabs">
        <test-method status="PASS" signature="a_pageLoad()[pri:0, instance:testNGFramework.SwagLabs@1554909b]" name="a_pageLoad" duration-ms="13818" started-at="2022-06-29T06:24:09Z" finished-at="2022-06-29T06:24:23Z">
          <reporter-output>
          </reporter-output>
        </test-method> <!-- a_pageLoad -->
        <test-method status="PASS" signature="b_loginDetails()[pri:0, instance:testNGFramework.SwagLabs@1554909b]" name="b_loginDetails" duration-ms="10013" started-at="2022-06-29T06:24:23Z" finished-at="2022-06-29T06:24:33Z">
          <reporter-output>
          </reporter-output>
        </test-method> <!-- b_loginDetails -->
      </class> <!-- testNGFramework.SwagLabs -->
    </test> <!-- Default test -->
  </suite> <!-- Default suite -->
</testng-results>
