<?xml version="1.0" encoding="UTF-8"?>
<!-- Generated by org.testng.reporters.JUnitXMLReporter -->
<testsuite hostname="LAPTOP-8HLVMP5T" name="Jpetstore_user_registeration" tests="4" failures="0" timestamp="13 Apr 2022 04:13:43 GMT" time="46.614" errors="0">
  <testcase name="a_pageLoad" time="32.856" classname="testNGFramework.AssignmentPetstoreRegister2"/>
  <testcase name="b_userInfo" time="2.156" classname="testNGFramework.AssignmentPetstoreRegister2"/>
  <testcase name="c_accountInfo" time="1.656" classname="testNGFramework.AssignmentPetstoreRegister2"/>
  <testcase name="d_profileInfo" time="9.904" classname="testNGFramework.AssignmentPetstoreRegister2"/>
</testsuite> <!-- Jpetstore_user_registeration -->
