<?xml version="1.0" encoding="UTF-8"?>
<!-- Generated by org.testng.reporters.JUnitXMLReporter -->
<testsuite hostname="LAPTOP-8HLVMP5T" name="Petstore_Login" tests="4" failures="0" timestamp="13 Apr 2022 04:53:01 GMT" time="22.12" errors="0">
  <testcase name="a_pageLoad" time="11.668" classname="testNGFramework.AssignmentPetstoreRegister2"/>
  <testcase name="b_userInfo" time="0.457" classname="testNGFramework.AssignmentPetstoreRegister2"/>
  <testcase name="c_accountInfo" time="1.555" classname="testNGFramework.AssignmentPetstoreRegister2"/>
  <testcase name="d_profileInfo" time="8.407" classname="testNGFramework.AssignmentPetstoreRegister2"/>
</testsuite> <!-- Petstore_Login -->
